<?xml version="1.0" encoding="UTF-8" ?>
<testsuite tests="1" failures="1" name="com.hsbc.digital.testauto.scripts.communication.LoginTest" time="3.263" errors="0" skipped="0">
  <properties>
[...]
</properties>
  <testcase classname="com.hsbc.digital.testauto.scripts.communication.LoginTest" name="sentmessage" time="3.263">
    <failure type="java.lang.NullPointerException">java.lang.NullPointerException
	at sun.reflect.GeneratedMethodAccessor1.invoke(Unknown Source)
	at sun.reflect.DelegatingMethodAccessorImpl.invoke(Unknown Source)
	at java.lang.reflect.Method.invoke(Unknown Source)
	at org.openqa.selenium.support.pagefactory.internal.LocatingElementHandler.invoke(LocatingElementHandler.java:51)
	at com.sun.proxy.$Proxy5.isDisplayed(Unknown Source)
	at org.openqa.selenium.support.ui.ExpectedConditions.elementIfVisible(ExpectedConditions.java:302)
	at org.openqa.selenium.support.ui.ExpectedConditions.access$100(ExpectedConditions.java:41)
	at org.openqa.selenium.support.ui.ExpectedConditions$10.apply(ExpectedConditions.java:288)
	at org.openqa.selenium.support.ui.ExpectedConditions$10.apply(ExpectedConditions.java:285)
	at org.openqa.selenium.support.ui.ExpectedConditions$23.apply(ExpectedConditions.java:687)
	at org.openqa.selenium.support.ui.ExpectedConditions$23.apply(ExpectedConditions.java:680)
	at org.openqa.selenium.support.ui.FluentWait.until(FluentWait.java:238)
	at com.hsbc.digital.testauto.pageObject.GenericActions.clickOnElement(GenericActions.java:36)
	at com.hsbc.digital.testauto.pageObject.LoginGmail.clickOnCompose(LoginGmail.java:91)
	at com.hsbc.digital.testauto.pageObject.LoginGmail.composemail(LoginGmail.java:109)
	at com.hsbc.digital.testauto.scripts.communication.LoginTest.sentmessage(LoginTest.java:56)
</failure>
    <system-out>Configuring TestNG with: org.apache.maven.surefire.testng.conf.TestNG652Configurator@6504e3b2
</system-out>
    <system-err>Starting ChromeDriver 2.35.528161 (5b82f2d2aae0ca24b877009200ced9065a772e73) on port 18127
Only local connections are allowed.
log4j:WARN No appenders could be found for logger (org.apache.http.client.protocol.RequestAddCookies).
log4j:WARN Please initialize the log4j system properly.
log4j:WARN See http://logging.apache.org/log4j/1.2/faq.html#noconfig for more info.
</system-err>
  </testcase>
</testsuite>