<?xml version="1.0" encoding="UTF-8"?>
<testng-results skipped="0" failed="0" ignored="0" total="1" passed="1">
  <reporter-output>
  </reporter-output>
  <suite name="Suite" duration-ms="33391" started-at="2018-05-20T06:12:37Z" finished-at="2018-05-20T06:13:10Z">
    <groups>
    </groups>
    <test name="Test" duration-ms="33391" started-at="2018-05-20T06:12:37Z" finished-at="2018-05-20T06:13:10Z">
      <class name="com.hsbc.digital.testauto.scripts.communication.LoginTest">
        <test-method status="PASS" signature="testlogin(java.lang.String)[pri:0, instance:com.hsbc.digital.testauto.scripts.communication.LoginTest@239963d8]" name="testlogin" is-config="true" duration-ms="18106" started-at="2018-05-20T06:12:37Z" finished-at="2018-05-20T06:12:55Z">
          <params>
            <param index="0">
              <value>
                <![CDATA[chrome]]>
              </value>
            </param>
          </params>
          <reporter-output>
          </reporter-output>
        </test-method> <!-- testlogin -->
        <test-method status="PASS" signature="sentmessage()[pri:0, instance:com.hsbc.digital.testauto.scripts.communication.LoginTest@239963d8]" name="sentmessage" duration-ms="15254" started-at="2018-05-20T06:12:55Z" finished-at="2018-05-20T06:13:10Z">
          <reporter-output>
          </reporter-output>
        </test-method> <!-- sentmessage -->
      </class> <!-- com.hsbc.digital.testauto.scripts.communication.LoginTest -->
    </test> <!-- Test -->
  </suite> <!-- Suite -->
</testng-results>
